AccelerometerPlay/app/build/outputs/logs/manifest-merger-debug-report.txt
-- Merging decision tree log ---
manifest
ADDED from src\main\AndroidManifest.xml:17:1-39:12
	package
		ADDED from src\main\AndroidManifest.xml:19:33-80
		INJECTED from src\main\AndroidManifest.xml
		INJECTED from src\main\AndroidManifest.xml
	android:versionName
		ADDED from src\main\AndroidManifest.xml:19:7-32
		INJECTED from src\main\AndroidManifest.xml
		INJECTED from src\main\AndroidManifest.xml
	android:versionCode
		ADDED from src\main\AndroidManifest.xml:18:7-30
		INJECTED from src\main\AndroidManifest.xml
		INJECTED from src\main\AndroidManifest.xml
	xmlns:android
		ADDED from src\main\AndroidManifest.xml:17:11-69
application
ADDED from src\main\AndroidManifest.xml:20:5-31:19
	android:label
		ADDED from src\main\AndroidManifest.xml:20:53-85
	android:icon
		ADDED from src\main\AndroidManifest.xml:20:18-52
activity#com.example.android.accelerometerplay.AccelerometerPlayActivity
ADDED from src\main\AndroidManifest.xml:21:9-29:20
	android:screenOrientation
		ADDED from src\main\AndroidManifest.xml:23:19-55
	android:label
		ADDED from src\main\AndroidManifest.xml:22:19-51
	android:theme
		ADDED from src\main\AndroidManifest.xml:24:19-77
	android:name
		ADDED from src\main\AndroidManifest.xml:21:19-60
intent-filter#android.intent.action.MAIN+android.intent.category.LAUNCHER
ADDED from src\main\AndroidManifest.xml:25:13-28:29
action#android.intent.action.MAIN
ADDED from src\main\AndroidManifest.xml:26:17-69
	android:name
		ADDED from src\main\AndroidManifest.xml:26:25-66
category#android.intent.category.LAUNCHER
ADDED from src\main\AndroidManifest.xml:27:17-77
	android:name
		ADDED from src\main\AndroidManifest.xml:27:27-74
uses-sdk
ADDED from src\main\AndroidManifest.xml:34:1-48
	android:targetSdkVersion
		INJECTED from src\main\AndroidManifest.xml
		INJECTED from src\main\AndroidManifest.xml
	android:minSdkVersion
		ADDED from src\main\AndroidManifest.xml:34:11-36
		INJECTED from src\main\AndroidManifest.xml
		INJECTED from src\main\AndroidManifest.xml
uses-permission#android.permission.VIBRATE
ADDED from src\main\AndroidManifest.xml:35:1-78
	android:name
		ADDED from src\main\AndroidManifest.xml:35:18-59
uses-permission#android.permission.WAKE_LOCK
ADDED from src\main\AndroidManifest.xml:37:1-80
	android:name
		ADDED from src\main\AndroidManifest.xml:37:18-61